\BOOKMARK [1][-]{section.1}{Abstract}{}% 1
\BOOKMARK [1][-]{section.2}{Acknowledgement}{}% 2
\BOOKMARK [1][-]{section.3}{Introduction}{}% 3
\BOOKMARK [1][-]{section.4}{Methodology}{}% 4
\BOOKMARK [2][-]{subsection.4.1}{Sensor - \(principle\)}{section.4}% 5
\BOOKMARK [2][-]{subsection.4.2}{Amplification and Filtering}{section.4}% 6
\BOOKMARK [3][-]{subsubsection.4.2.1}{Calculations}{subsection.4.2}% 7
\BOOKMARK [2][-]{subsection.4.3}{Calculating BPM from the analog signal}{section.4}% 8
\BOOKMARK [3][-]{subsubsection.4.3.1}{Microcontroller}{subsection.4.3}% 9
\BOOKMARK [3][-]{subsubsection.4.3.2}{Obtaining a threshold value}{subsection.4.3}% 10
\BOOKMARK [3][-]{subsubsection.4.3.3}{Least Squares Regression Line }{subsection.4.3}% 11
\BOOKMARK [2][-]{subsection.4.4}{Enclosure and PCB Design}{section.4}% 12
\BOOKMARK [1][-]{section.5}{Implementation and Results}{}% 13
\BOOKMARK [2][-]{subsection.5.1}{The effect of noise on the signal}{section.5}% 14
\BOOKMARK [3][-]{subsubsection.5.1.1}{Without the filter - Dominant 50Hz noise}{subsection.5.1}% 15
\BOOKMARK [3][-]{subsubsection.5.1.2}{With the active bandpass filter}{subsection.5.1}% 16
\BOOKMARK [3][-]{subsubsection.5.1.3}{Obtaining a threshold value}{subsection.5.1}% 17
\BOOKMARK [3][-]{subsubsection.5.1.4}{Accuracy Measurement}{subsection.5.1}% 18
\BOOKMARK [1][-]{section.6}{Discussion}{}% 19
\BOOKMARK [1][-]{section.7}{Our repository}{}% 20
\BOOKMARK [1][-]{section.8}{Appendices - }{}% 21
\BOOKMARK [2][-]{subsection.8.1}{MCU Sourcecode in C}{section.8}% 22
\BOOKMARK [2][-]{subsection.8.2}{Mathematica Simulations}{section.8}% 23
\BOOKMARK [2][-]{subsection.8.3}{MCU Schematic}{section.8}% 24
\BOOKMARK [2][-]{subsection.8.4}{ATmega32 Datasheet - Summary}{section.8}% 25
